This is pdfTeX, Version 3.141592653-2.6-1.40.22 (MiKTeX 21.2) (preloaded format=pdflatex 2021.3.26)  8 NOV 2021 20:31
entering extended mode
**./–î–∏–æ–¥.tex
(–î–∏–æ–¥.tex
LaTeX2e <2020-10-01> patch level 4
L3 programming layer <2021-02-18> xparse <2020-03-03>
(C:\Program Files\MiKTeX\tex/latex/base\article.cls
Document Class: article 2020/04/10 v1.4m Standard LaTeX document class
(C:\Program Files\MiKTeX\tex/latex/base\size11.clo
File: size11.clo 2020/04/10 v1.4m Standard LaTeX file (size option)
)
\c@part=\count179
\c@section=\count180
\c@subsection=\count181
\c@subsubsection=\count182
\c@paragraph=\count183
\c@subparagraph=\count184
\c@figure=\count185
\c@table=\count186
\abovecaptionskip=\skip47
\belowcaptionskip=\skip48
\bibindent=\dimen138
)
(C:\Program Files\MiKTeX\tex/latex/geometry\geometry.sty
Package: geometry 2020/01/02 v5.9 Page Geometry

(C:\Program Files\MiKTeX\tex/latex/graphics\keyval.sty
Package: keyval 2014/10/28 v1.15 key=value parser (DPC)
\KV@toks@=\toks15
)
(C:\Program Files\MiKTeX\tex/generic/iftex\ifvtex.sty
Package: ifvtex 2019/10/25 v1.7 ifvtex legacy package. Use iftex instead.

(C:\Program Files\MiKTeX\tex/generic/iftex\iftex.sty
Package: iftex 2020/03/06 v1.0d TeX engine tests
))
\Gm@cnth=\count187
\Gm@cntv=\count188
\c@Gm@tempcnt=\count189
\Gm@bindingoffset=\dimen139
\Gm@wd@mp=\dimen140
\Gm@odd@mp=\dimen141
\Gm@even@mp=\dimen142
\Gm@layoutwidth=\dimen143
\Gm@layoutheight=\dimen144
\Gm@layouthoffset=\dimen145
\Gm@layoutvoffset=\dimen146
\Gm@dimlist=\toks16

(C:\Program Files\MiKTeX\tex/latex/geometry\geometry.cfg))
(C:\Program Files\MiKTeX\tex/latex/multirow\multirow.sty
Package: multirow 2021/03/15 v2.8 Span multiple rows of a table
\multirow@colwidth=\skip49
\multirow@cntb=\count190
\multirow@dima=\skip50
\bigstrutjot=\dimen147
)
(C:\Program Files\MiKTeX\tex/latex/graphics\graphicx.sty
Package: graphicx 2020/09/09 v1.2b Enhanced LaTeX Graphics (DPC,SPQR)

(C:\Program Files\MiKTeX\tex/latex/graphics\graphics.sty
Package: graphics 2020/08/30 v1.4c Standard LaTeX Graphics (DPC,SPQR)

(C:\Program Files\MiKTeX\tex/latex/graphics\trig.sty
Package: trig 2016/01/03 v1.10 sin cos tan (DPC)
)
(C:\Program Files\MiKTeX\tex/latex/graphics-cfg\graphics.cfg
File: graphics.cfg 2016/06/04 v1.11 sample graphics configuration
)
Package graphics Info: Driver file: pdftex.def on input line 105.

(C:\Program Files\MiKTeX\tex/latex/graphics-def\pdftex.def
File: pdftex.def 2020/10/05 v1.2a Graphics/color driver for pdftex
))
\Gin@req@height=\dimen148
\Gin@req@width=\dimen149
)
(C:\Program Files\MiKTeX\tex/latex/tocloft\tocloft.sty
Package: tocloft 2017/08/31 v2.3i parameterised ToC, etc., typesetting
Package tocloft Info: The document has section divisions on input line 51.
\cftparskip=\skip51
\cftbeforetoctitleskip=\skip52
\cftaftertoctitleskip=\skip53
\cftbeforepartskip=\skip54
\cftpartnumwidth=\skip55
\cftpartindent=\skip56
\cftbeforesecskip=\skip57
\cftsecindent=\skip58
\cftsecnumwidth=\skip59
\cftbeforesubsecskip=\skip60
\cftsubsecindent=\skip61
\cftsubsecnumwidth=\skip62
\cftbeforesubsubsecskip=\skip63
\cftsubsubsecindent=\skip64
\cftsubsubsecnumwidth=\skip65
\cftbeforeparaskip=\skip66
\cftparaindent=\skip67
\cftparanumwidth=\skip68
\cftbeforesubparaskip=\skip69
\cftsubparaindent=\skip70
\cftsubparanumwidth=\skip71
\cftbeforeloftitleskip=\skip72
\cftafterloftitleskip=\skip73
\cftbeforefigskip=\skip74
\cftfigindent=\skip75
\cftfignumwidth=\skip76
\c@lofdepth=\count191
\c@lotdepth=\count192
\cftbeforelottitleskip=\skip77
\cftafterlottitleskip=\skip78
\cftbeforetabskip=\skip79
\cfttabindent=\skip80
\cfttabnumwidth=\skip81
)
(C:\Program Files\MiKTeX\tex/latex/base\inputenc.sty
Package: inputenc 2020/08/01 v1.3d Input encoding file
\inpenc@prehook=\toks17
\inpenc@posthook=\toks18

(C:\Program Files\MiKTeX\tex/latex/ucs\utf8x.def
File: utf8x.def 2004/10/17 UCS: Input encoding UTF-8
))
(C:\Program Files\MiKTeX\tex/latex/ucs\ucs.sty
Package: ucs 2013/05/11 v2.2 UCS: Unicode input support

(C:\Program Files\MiKTeX\tex/latex/ucs\uni-global.def
File: uni-global.def 2013/05/13 UCS: Unicode global data
)
\uc@secondtry=\count193
\uc@combtoks=\toks19
\uc@combtoksb=\toks20
\uc@temptokena=\toks21
)
(C:\Program Files\MiKTeX\tex/generic/babel\babel.sty
Package: babel 2021/01/26 3.53 The Babel package

(C:\Program Files\MiKTeX\tex/generic/babel\babel.def
File: babel.def 2021/01/26 3.53 Babel common definitions
\babel@savecnt=\count194
\U@D=\dimen150
\l@babelnohyphens=\language79

(C:\Program Files\MiKTeX\tex/generic/babel\txtbabel.def)
\bbl@readstream=\read2
)
\bbl@dirlevel=\count195

*************************************
* Local config file bblopts.cfg used
*
(C:\Program Files\MiKTeX\tex/latex/arabi\bblopts.cfg
File: bblopts.cfg 2005/09/08 v0.1 add Arabic and Farsi to "declared" options of
 babel
)
(C:\Program Files\MiKTeX\tex/latex/babel-russian\russianb.ldf
File: russianb.ldf 2021/01/10 1.3m Russian support for the Babel system
Language: russian 2020/09/09 1.3k Russian support for the Babel system


Package babel Warning: No Cyrillic font encoding has been loaded so far.
(babel)                A font encoding should be declared before babel.
(babel)                Default `T2A' encoding will be loaded  on input line 78.


(C:\Program Files\MiKTeX\tex/latex/cyrillic\t2aenc.def
File: t2aenc.def 2005/09/27 v1.0i Cyrillic encoding definition file
)
Package babel Info: Making " an active character on input line 124.
Package babel Info: Default for \cyrdash is provided on input line 163.
))
(C:\Program Files\MiKTeX\tex/latex/fancyhdr\fancyhdr.sty
Package: fancyhdr 2021/01/28 v4.0.1 Extensive control of page headers and foote
rs
\f@nch@headwidth=\skip82
\f@nch@O@elh=\skip83
\f@nch@O@erh=\skip84
\f@nch@O@olh=\skip85
\f@nch@O@orh=\skip86
\f@nch@O@elf=\skip87
\f@nch@O@erf=\skip88
\f@nch@O@olf=\skip89
\f@nch@O@orf=\skip90
)
(C:\Program Files\MiKTeX\tex/latex/l3backend\l3backend-pdftex.def
File: l3backend-pdftex.def 2021-02-18 L3 backend support: PDF output (pdfTeX)
\l__color_backend_stack_int=\count196
\l__pdf_internal_box=\box47
)
(–î–∏–æ–¥.aux
LaTeX Font Info:    Trying to load font information for T2A+cmr on input line 5
.
 (C:\Program Files\MiKTeX\tex/latex/cyrillic\t2acmr.fd
File: t2acmr.fd 2001/08/11 v1.0a Computer Modern Cyrillic font definitions
))
\openout1 = `–î–∏–æ–¥.aux'.

LaTeX Font Info:    Checking defaults for OML/cmm/m/it on input line 13.
LaTeX Font Info:    ... okay on input line 13.
LaTeX Font Info:    Checking defaults for OMS/cmsy/m/n on input line 13.
LaTeX Font Info:    ... okay on input line 13.
LaTeX Font Info:    Checking defaults for OT1/cmr/m/n on input line 13.
LaTeX Font Info:    ... okay on input line 13.
LaTeX Font Info:    Checking defaults for T1/cmr/m/n on input line 13.
LaTeX Font Info:    ... okay on input line 13.
LaTeX Font Info:    Checking defaults for TS1/cmr/m/n on input line 13.
LaTeX Font Info:    ... okay on input line 13.
LaTeX Font Info:    Checking defaults for OMX/cmex/m/n on input line 13.
LaTeX Font Info:    ... okay on input line 13.
LaTeX Font Info:    Checking defaults for U/cmr/m/n on input line 13.
LaTeX Font Info:    ... okay on input line 13.
LaTeX Font Info:    Checking defaults for T2A/cmr/m/n on input line 13.
LaTeX Font Info:    ... okay on input line 13.

*geometry* driver: auto-detecting
*geometry* detected driver: pdftex
*geometry* verbose mode - [ preamble ] result:
* driver: pdftex
* paper: <default>
* layout: <same size as paper>
* layoutoffset:(h,v)=(0.0pt,0.0pt)
* modes: 
* h-part:(L,W,R)=(50.58878pt, 513.11745pt, 50.58878pt)
* v-part:(T,H,B)=(50.58878pt, 693.79243pt, 50.58878pt)
* \paperwidth=614.295pt
* \paperheight=794.96999pt
* \textwidth=513.11745pt
* \textheight=693.79243pt
* \oddsidemargin=-21.68121pt
* \evensidemargin=-21.68121pt
* \topmargin=-58.68121pt
* \headheight=12.0pt
* \headsep=25.0pt
* \topskip=11.0pt
* \footskip=30.0pt
* \marginparwidth=59.0pt
* \marginparsep=10.0pt
* \columnsep=10.0pt
* \skip\footins=10.0pt plus 4.0pt minus 2.0pt
* \hoffset=0.0pt
* \voffset=0.0pt
* \mag=1000
* \@twocolumnfalse
* \@twosidefalse
* \@mparswitchfalse
* \@reversemarginfalse
* (1in=72.27pt=25.4mm, 1cm=28.453pt)

(C:\Program Files\MiKTeX\tex/context/base/mkii\supp-pdf.mkii
[Loading MPS to PDF converter (version 2006.09.02).]
\scratchcounter=\count197
\scratchdimen=\dimen151
\scratchbox=\box48
\nofMPsegments=\count198
\nofMParguments=\count199
\everyMPshowfont=\toks22
\MPscratchCnt=\count266
\MPscratchDim=\dimen152
\MPnumerator=\count267
\makeMPintoPDFobject=\count268
\everyMPtoPDFconversion=\toks23
) (C:\Program Files\MiKTeX\tex/latex/epstopdf-pkg\epstopdf-base.sty
Package: epstopdf-base 2020-01-24 v2.11 Base part for package epstopdf
Package epstopdf-base Info: Redefining graphics rule for `.eps' on input line 4
85.
)
(C:\Program Files\MiKTeX\tex/latex/ucs\ucsencs.def
File: ucsencs.def 2011/01/21 Fixes to fontencodings LGR, T3
)
LaTeX Info: Redefining \th on input line 13.

(C:\Program Files\MiKTeX\tex/latex/ucs\uni-4.def
File: uni-4.def 2013/05/13 UCS: Unicode data U+0400..U+04FF
)
Underfull \hbox (badness 10000) in paragraph at lines 45--61

 []


Underfull \hbox (badness 10000) in paragraph at lines 45--61

 []


Underfull \hbox (badness 10000) in paragraph at lines 45--61

 []


Underfull \hbox (badness 10000) in paragraph at lines 45--61

 []


Underfull \hbox (badness 10000) in paragraph at lines 45--61

 []


Underfull \hbox (badness 10000) in paragraph at lines 45--61

 []


Underfull \hbox (badness 10000) in paragraph at lines 45--61

 []


Underfull \hbox (badness 10000) in paragraph at lines 45--61

 []


Underfull \hbox (badness 10000) in paragraph at lines 45--61

 []


Underfull \hbox (badness 10000) in paragraph at lines 45--61

 []


Underfull \hbox (badness 10000) in paragraph at lines 45--61

 []


Underfull \hbox (badness 10000) in paragraph at lines 45--61

 []


Underfull \hbox (badness 10000) in paragraph at lines 45--61

 []


Underfull \hbox (badness 10000) in paragraph at lines 45--61

 []


Underfull \hbox (badness 10000) in paragraph at lines 45--61

 []


Underfull \hbox (badness 10000) in paragraph at lines 45--61

 []

[1

{C:/Users/shlap/AppData/Local/MiKTeX/pdftex/config/pdftex.map}] (–î–∏–æ–¥.toc
LaTeX Font Info:    External font `cmex10' loaded for size
(Font)              <10.95> on input line 2.
LaTeX Font Info:    External font `cmex10' loaded for size
(Font)              <8> on input line 2.
LaTeX Font Info:    External font `cmex10' loaded for size
(Font)              <6> on input line 2.
)
\tf@toc=\write3
\openout3 = `–î–∏–æ–¥.toc'.

 [1]
Underfull \hbox (badness 10000) in paragraph at lines 69--70

 []

<setup.png, id=15, 453.94594pt x 246.9225pt>
File: setup.png Graphic file (type png)
<use setup.png>
Package pdftex.def Info: setup.png  used on input line 73.
(pdftex.def)             Requested size: 369.88582pt x 201.20049pt.
<–∑–∞–≥–æ—Ç–æ–≤–∫–∞ –∞–Ω–æ–¥–∞.jpg, id=17, 79.2561pt x 44.8074pt>
File: –∑–∞–≥–æ—Ç–æ–≤–∫–∞ –∞–Ω–æ–¥–∞.jpg Graphic file (type jpg)
<use –∑–∞–≥–æ—Ç–æ–≤–∫–∞ –∞–Ω–æ–¥–∞.jpg>
Package pdftex.def Info: –∑–∞–≥–æ—Ç–æ–≤–∫–∞ –∞–Ω–æ–¥–∞.jpg  used on input line 
96.
(pdftex.def)             Requested size: 369.88582pt x 209.13026pt.

Package fancyhdr Warning: \headheight is too small (12.0pt): 
(fancyhdr)                Make it at least 13.59999pt, for example:
(fancyhdr)                \setlength{\headheight}{13.59999pt}.
(fancyhdr)                You might also make \topmargin smaller to compensate:

(fancyhdr)                \addtolength{\topmargin}{-1.59999pt}.

[2 <./setup.png>]
<—Ç—Ä–∞–≤–µ—Ä—Å–∞ –∞–Ω–æ–¥–∞.jpg, id=25, 284.262pt x 100.2144pt>
File: —Ç—Ä–∞–≤–µ—Ä—Å–∞ –∞–Ω–æ–¥–∞.jpg Graphic file (type jpg)
<use —Ç—Ä–∞–≤–µ—Ä—Å–∞ –∞–Ω–æ–¥–∞.jpg>
Package pdftex.def Info: —Ç—Ä–∞–≤–µ—Ä—Å–∞ –∞–Ω–æ–¥–∞.jpg  used on input line 10
4.
(pdftex.def)             Requested size: 369.88582pt x 130.40407pt.
<–ø–æ—Å–∞–¥–∫–∞ –Ω–∞ –Ω–æ–∂–∫—É.jpg, id=26, 247.6452pt x 103.8279pt>
File: –ø–æ—Å–∞–¥–∫–∞ –Ω–∞ –Ω–æ–∂–∫—É.jpg Graphic file (type jpg)
<use –ø–æ—Å–∞–¥–∫–∞ –Ω–∞ –Ω–æ–∂–∫—É.jpg>
Package pdftex.def Info: –ø–æ—Å–∞–¥–∫–∞ –Ω–∞ –Ω–æ–∂–∫—É.jpg  used on input line
 110.
(pdftex.def)             Requested size: 369.88582pt x 155.0903pt.


LaTeX Warning: `h' float specifier changed to `ht'.


Package fancyhdr Warning: \headheight is too small (12.0pt): 
(fancyhdr)                Make it at least 13.59999pt, for example:
(fancyhdr)                \setlength{\headheight}{13.59999pt}.
(fancyhdr)                You might also make \topmargin smaller to compensate:

(fancyhdr)                \addtolength{\topmargin}{-1.59999pt}.

[3 <./–∑–∞–≥–æ—Ç–æ–≤–∫–∞ –∞–Ω–æ–¥–∞.jpg> <./—Ç—Ä–∞–≤–µ—Ä—Å–∞ –∞–Ω–æ–¥–∞.jpg>]
<–Ω–∞—Ç—è–≥–∏–≤–∞—é—â–∞—è —Ç—Ä–∞–≤–µ—Ä—Å–∞ –∫–∞—Ç–æ–¥–∞.jpg, id=30, 306.1839pt 
x 104.7915pt>
File: –Ω–∞—Ç—è–≥–∏–≤–∞—é—â–∞—è —Ç—Ä–∞–≤–µ—Ä—Å–∞ –∫–∞—Ç–æ–¥–∞.jpg Graphic file (
type jpg)
<use –Ω–∞—Ç—è–≥–∏–≤–∞—é—â–∞—è —Ç—Ä–∞–≤–µ—Ä—Å–∞ –∫–∞—Ç–æ–¥–∞.jpg>
Package pdftex.def Info: –Ω–∞—Ç—è–≥–∏–≤–∞—é—â–∞—è —Ç—Ä–∞–≤–µ—Ä—Å–∞ –∫–∞—Ç–æ–¥–∞
.jpg  used on input line 119.
(pdftex.def)             Requested size: 369.88582pt x 126.60303pt.
<–∑–∞–≤–∞—Ä–∫–∞ –∫–∞—Ç–æ–¥–∞.jpg, id=31, 86.724pt x 44.8074pt>
File: –∑–∞–≤–∞—Ä–∫–∞ –∫–∞—Ç–æ–¥–∞.jpg Graphic file (type jpg)
<use –∑–∞–≤–∞—Ä–∫–∞ –∫–∞—Ç–æ–¥–∞.jpg>
Package pdftex.def Info: –∑–∞–≤–∞—Ä–∫–∞ –∫–∞—Ç–æ–¥–∞.jpg  used on input line 12
6.
(pdftex.def)             Requested size: 369.88582pt x 191.11806pt.

Underfull \hbox (badness 10000) in paragraph at lines 123--131

 []


LaTeX Warning: `h' float specifier changed to `ht'.


Package fancyhdr Warning: \headheight is too small (12.0pt): 
(fancyhdr)                Make it at least 13.59999pt, for example:
(fancyhdr)                \setlength{\headheight}{13.59999pt}.
(fancyhdr)                You might also make \topmargin smaller to compensate:

(fancyhdr)                \addtolength{\topmargin}{-1.59999pt}.

[4 <./–ø–æ—Å–∞–¥–∫–∞ –Ω–∞ –Ω–æ–∂–∫—É.jpg> <./–Ω–∞—Ç—è–≥–∏–≤–∞—é—â–∞—è —Ç—Ä–∞–≤–
µ—Ä—Å–∞ –∫–∞—Ç–æ–¥–∞.jpg>]
<g1.jpg, id=35, 1087.06125pt x 624.3325pt>
File: g1.jpg Graphic file (type jpg)
<use g1.jpg>
Package pdftex.def Info: g1.jpg  used on input line 134.
(pdftex.def)             Requested size: 540.60236pt x 310.49834pt.

Overfull \hbox (27.48491pt too wide) in paragraph at lines 133--135
[] 
 []


Underfull \hbox (badness 10000) in paragraph at lines 133--135

 []


Package fancyhdr Warning: \headheight is too small (12.0pt): 
(fancyhdr)                Make it at least 13.59999pt, for example:
(fancyhdr)                \setlength{\headheight}{13.59999pt}.
(fancyhdr)                You might also make \topmargin smaller to compensate:

(fancyhdr)                \addtolength{\topmargin}{-1.59999pt}.

[5 <./–∑–∞–≤–∞—Ä–∫–∞ –∫–∞—Ç–æ–¥–∞.jpg> <./g1.jpg>]
<g2.jpg, id=41, 1076.02pt x 620.3175pt>
File: g2.jpg Graphic file (type jpg)
<use g2.jpg>
Package pdftex.def Info: g2.jpg  used on input line 147.
(pdftex.def)             Requested size: 540.60236pt x 311.6535pt.

Overfull \hbox (27.48491pt too wide) in paragraph at lines 146--148
[] 
 []


Underfull \hbox (badness 10000) in paragraph at lines 146--148

 []

<g3.jpg, id=42, 1108.14pt x 629.35126pt>
File: g3.jpg Graphic file (type jpg)
<use g3.jpg>
Package pdftex.def Info: g3.jpg  used on input line 164.
(pdftex.def)             Requested size: 540.60236pt x 307.02116pt.

Overfull \hbox (27.48491pt too wide) in paragraph at lines 162--165
[] 
 []


Underfull \hbox (badness 10000) in paragraph at lines 162--165

 []


Package fancyhdr Warning: \headheight is too small (12.0pt): 
(fancyhdr)                Make it at least 13.59999pt, for example:
(fancyhdr)                \setlength{\headheight}{13.59999pt}.
(fancyhdr)                You might also make \topmargin smaller to compensate:

(fancyhdr)                \addtolength{\topmargin}{-1.59999pt}.

[6 <./g2.jpg>]
<g4.jpg, id=51, 1264.725pt x 699.61375pt>
File: g4.jpg Graphic file (type jpg)
<use g4.jpg>
Package pdftex.def Info: g4.jpg  used on input line 169.
(pdftex.def)             Requested size: 540.60236pt x 299.04529pt.

Overfull \hbox (27.48491pt too wide) in paragraph at lines 168--170
[] 
 []


Underfull \hbox (badness 10000) in paragraph at lines 168--170

 []


Package fancyhdr Warning: \headheight is too small (12.0pt): 
(fancyhdr)                Make it at least 13.59999pt, for example:
(fancyhdr)                \setlength{\headheight}{13.59999pt}.
(fancyhdr)                You might also make \topmargin smaller to compensate:

(fancyhdr)                \addtolength{\topmargin}{-1.59999pt}.

[7 <./g3.jpg> <./g4.jpg>]
Underfull \hbox (badness 10000) in paragraph at lines 177--178

 []


Overfull \hbox (1.79305pt too wide) in paragraph at lines 197--197
[]\T2A/cmr/m/n/10.95 0.2409| 
 []


Overfull \hbox (1.79305pt too wide) in paragraph at lines 199--199
[]\T2A/cmr/m/n/10.95 0.3184| 
 []


Overfull \hbox (1.79305pt too wide) in paragraph at lines 201--201
[]\T2A/cmr/m/n/10.95 0.5798| 
 []


Overfull \hbox (1.79305pt too wide) in paragraph at lines 203--203
[]\T2A/cmr/m/n/10.95 0.7506| 
 []


Overfull \hbox (1.79305pt too wide) in paragraph at lines 205--205
[]\T2A/cmr/m/n/10.95 1.0087| 
 []


Overfull \hbox (1.79305pt too wide) in paragraph at lines 207--207
[]\T2A/cmr/m/n/10.95 1.2219| 
 []

<g5.jpg, id=55, 975.645pt x 541.02126pt>
File: g5.jpg Graphic file (type jpg)
<use g5.jpg>
Package pdftex.def Info: g5.jpg  used on input line 212.
(pdftex.def)             Requested size: 512.1496pt x 283.99913pt.

Underfull \hbox (badness 10000) in paragraph at lines 190--213

 []


Underfull \hbox (badness 10000) in paragraph at lines 190--213

 []


Package fancyhdr Warning: \headheight is too small (12.0pt): 
(fancyhdr)                Make it at least 13.59999pt, for example:
(fancyhdr)                \setlength{\headheight}{13.59999pt}.
(fancyhdr)                You might also make \topmargin smaller to compensate:

(fancyhdr)                \addtolength{\topmargin}{-1.59999pt}.

[8 <./g5.jpg>] (C:\Program Files\MiKTeX\tex/latex/ucs\uni-32.def
File: uni-32.def 2013/05/13 UCS: Unicode data U+2000..U+20FF
)
Underfull \hbox (badness 10000) in paragraph at lines 225--227

 []


Package fancyhdr Warning: \headheight is too small (12.0pt): 
(fancyhdr)                Make it at least 13.59999pt, for example:
(fancyhdr)                \setlength{\headheight}{13.59999pt}.
(fancyhdr)                You might also make \topmargin smaller to compensate:

(fancyhdr)                \addtolength{\topmargin}{-1.59999pt}.

[9]

Package fancyhdr Warning: \headheight is too small (12.0pt): 
(fancyhdr)                Make it at least 13.59999pt, for example:
(fancyhdr)                \setlength{\headheight}{13.59999pt}.
(fancyhdr)                You might also make \topmargin smaller to compensate:

(fancyhdr)                \addtolength{\topmargin}{-1.59999pt}.

[10] (–î–∏–æ–¥.aux) ) 
Here is how much of TeX's memory you used:
 4814 strings out of 479334
 66001 string characters out of 2866960
 389843 words of memory out of 3000000
 22217 multiletter control sequences out of 15000+200000
 415520 words of font info for 48 fonts, out of 3000000 for 9000
 1141 hyphenation exceptions out of 8191
 68i,10n,74p,583b,708s stack positions out of 5000i,500n,10000p,200000b,50000s
 <C:\Users\shlap\AppData\Local\MiKTeX\fonts/pk/ljfour/lh/l
h-t2a/dpi600\lasl1095.pk> <C:\Users\shlap\AppData\Local\MiKTeX\fonts/pk/ljfour/
lh/lh-t2a/dpi600\larm1095.pk> <C:\Users\shlap\AppData\Local\MiKTeX\fonts/pk/ljf
our/lh/lh-t2a/dpi600\labx1095.pk> <C:\Users\shlap\AppData\Local\MiKTeX\fonts/pk
/ljfour/lh/lh-t2a/dpi600\labx1440.pk> <C:\Users\shlap\AppData\Local\MiKTeX\font
s/pk/ljfour/lh/lh-t2a/dpi600\larm1200.pk> <C:\Users\shlap\AppData\Local\MiKTeX\
fonts/pk/ljfour/lh/lh-t2a/dpi600\labx1728.pk> <C:\Users\shlap\AppData\Local\MiK
TeX\fonts/pk/ljfour/lh/lh-t2a/dpi600\labx2074.pk> <C:\Users\shlap\AppData\Local
\MiKTeX\fonts/pk/ljfour/lh/lh-t2a/dpi600\labx1200.pk><C:/Program Files/MiKTeX/f
onts/type1/public/amsfonts/cm/cmmi10.pfb><C:/Program Files/MiKTeX/fonts/type1/p
ublic/amsfonts/cm/cmmi6.pfb><C:/Program Files/MiKTeX/fonts/type1/public/amsfont
s/cm/cmmi8.pfb><C:/Program Files/MiKTeX/fonts/type1/public/amsfonts/cm/cmr10.pf
b><C:/Program Files/MiKTeX/fonts/type1/public/amsfonts/cm/cmr6.pfb><C:/Program 
Files/MiKTeX/fonts/type1/public/amsfonts/cm/cmr8.pfb><C:/Program Files/MiKTeX/f
onts/type1/public/amsfonts/cm/cmsy10.pfb><C:/Program Files/MiKTeX/fonts/type1/p
ublic/amsfonts/cm/cmsy8.pfb>
Output written on –î–∏–æ–¥.pdf (11 pages, 1246222 bytes).
PDF statistics:
 398 PDF objects out of 1000 (max. 8388607)
 0 named destinations out of 1000 (max. 500000)
 56 words of extra memory for PDF output out of 10000 (max. 10000000)

