This is pdfTeX, Version 3.141592653-2.6-1.40.22 (MiKTeX 21.2) (preloaded format=pdflatex 2021.3.26)  18 MAY 2022 12:40
entering extended mode
**"./лаба 4.3.2.tex"
(лаба 4.3.2.tex
LaTeX2e <2020-10-01> patch level 4
L3 programming layer <2021-02-18> xparse <2020-03-03>
(C:\Program Files\MiKTeX\tex/latex/base\article.cls
Document Class: article 2020/04/10 v1.4m Standard LaTeX document class
(C:\Program Files\MiKTeX\tex/latex/base\size10.clo
File: size10.clo 2020/04/10 v1.4m Standard LaTeX file (size option)
)
\c@part=\count179
\c@section=\count180
\c@subsection=\count181
\c@subsubsection=\count182
\c@paragraph=\count183
\c@subparagraph=\count184
\c@figure=\count185
\c@table=\count186
\abovecaptionskip=\skip47
\belowcaptionskip=\skip48
\bibindent=\dimen138
)
(C:\Program Files\MiKTeX\tex/latex/extsizes\extsizes.sty
Package: extsizes 1996/10/08 v1.0 Non Standard LaTeX Package


Package ExtSizes Warning: It is better to use one of the extsizes classes,
 if you can.

(C:\Program Files\MiKTeX\tex/latex/extsizes\size14.clo
File: size14.clo 1999/11/11 v1.4a NON-Standard LaTeX file (size option)
))
(C:\Program Files\MiKTeX\tex/latex/geometry\geometry.sty
Package: geometry 2020/01/02 v5.9 Page Geometry

(C:\Program Files\MiKTeX\tex/latex/graphics\keyval.sty
Package: keyval 2014/10/28 v1.15 key=value parser (DPC)
\KV@toks@=\toks15
)
(C:\Program Files\MiKTeX\tex/generic/iftex\ifvtex.sty
Package: ifvtex 2019/10/25 v1.7 ifvtex legacy package. Use iftex instead.

(C:\Program Files\MiKTeX\tex/generic/iftex\iftex.sty
Package: iftex 2020/03/06 v1.0d TeX engine tests
))
\Gm@cnth=\count187
\Gm@cntv=\count188
\c@Gm@tempcnt=\count189
\Gm@bindingoffset=\dimen139
\Gm@wd@mp=\dimen140
\Gm@odd@mp=\dimen141
\Gm@even@mp=\dimen142
\Gm@layoutwidth=\dimen143
\Gm@layoutheight=\dimen144
\Gm@layouthoffset=\dimen145
\Gm@layoutvoffset=\dimen146
\Gm@dimlist=\toks16

(C:\Program Files\MiKTeX\tex/latex/geometry\geometry.cfg))
(C:\Program Files\MiKTeX\tex/latex/multirow\multirow.sty
Package: multirow 2021/03/15 v2.8 Span multiple rows of a table
\multirow@colwidth=\skip49
\multirow@cntb=\count190
\multirow@dima=\skip50
\bigstrutjot=\dimen147
)
(C:\Program Files\MiKTeX\tex/latex/parallel\parallel.sty
Package: parallel 2003/04/13, setting two texts parallel (me)

`parallel': setting two texts parallel, (beta 4) 2003/04/13.
\ParallelLWidth=\dimen148
\ParallelRWidth=\dimen149
\ParallelTextWidth=\dimen150
\ParallelLeftMargin=\dimen151
\ParallelUserMidSkip=\dimen152
\ParallelMainMidSkip=\dimen153
\ParallelLBox=\box47
\ParallelRBox=\box48
\ParallelBoxVar=\box49
\ParallelLTok=\box50
\ParallelRTok=\box51
\ParallelBoolVar=\count191
\ParallelBoolMid=\count192
\ParallelWhichBox=\count193
\ParallelMainMode=\count194
\ParallelFNMode=\count195
\ParallelLFNCounter=\count196
\ParallelRFNCounter=\count197
\ParallelMaxFN=\count198
\ParallelFNNumMode=\count199
)
(C:\Program Files\MiKTeX\tex/latex/graphics\graphicx.sty
Package: graphicx 2020/09/09 v1.2b Enhanced LaTeX Graphics (DPC,SPQR)

(C:\Program Files\MiKTeX\tex/latex/graphics\graphics.sty
Package: graphics 2020/08/30 v1.4c Standard LaTeX Graphics (DPC,SPQR)

(C:\Program Files\MiKTeX\tex/latex/graphics\trig.sty
Package: trig 2016/01/03 v1.10 sin cos tan (DPC)
)
(C:\Program Files\MiKTeX\tex/latex/graphics-cfg\graphics.cfg
File: graphics.cfg 2016/06/04 v1.11 sample graphics configuration
)
Package graphics Info: Driver file: pdftex.def on input line 105.

(C:\Program Files\MiKTeX\tex/latex/graphics-def\pdftex.def
File: pdftex.def 2020/10/05 v1.2a Graphics/color driver for pdftex
))
\Gin@req@height=\dimen154
\Gin@req@width=\dimen155
)
(C:\Program Files\MiKTeX\tex/latex/latex-tools\multicol.sty
Package: multicol 2019/12/09 v1.8y multicolumn formatting (FMi)
\c@tracingmulticols=\count266
\mult@box=\box52
\multicol@leftmargin=\dimen156
\c@unbalance=\count267
\c@collectmore=\count268
\doublecol@number=\count269
\multicoltolerance=\count270
\multicolpretolerance=\count271
\full@width=\dimen157
\page@free=\dimen158
\premulticols=\dimen159
\postmulticols=\dimen160
\multicolsep=\skip51
\multicolbaselineskip=\skip52
\partial@page=\box53
\last@line=\box54
\maxbalancingoverflow=\dimen161
\mult@rightbox=\box55
\mult@grightbox=\box56
\mult@gfirstbox=\box57
\mult@firstbox=\box58
\@tempa=\box59
\@tempa=\box60
\@tempa=\box61
\@tempa=\box62
\@tempa=\box63
\@tempa=\box64
\@tempa=\box65
\@tempa=\box66
\@tempa=\box67
\@tempa=\box68
\@tempa=\box69
\@tempa=\box70
\@tempa=\box71
\@tempa=\box72
\@tempa=\box73
\@tempa=\box74
\@tempa=\box75
\@tempa=\box76
\@tempa=\box77
\@tempa=\box78
\@tempa=\box79
\@tempa=\box80
\@tempa=\box81
\@tempa=\box82
\@tempa=\box83
\@tempa=\box84
\@tempa=\box85
\@tempa=\box86
\@tempa=\box87
\@tempa=\box88
\@tempa=\box89
\@tempa=\box90
\@tempa=\box91
\@tempa=\box92
\@tempa=\box93
\@tempa=\box94
\@tempa=\box95
\c@minrows=\count272
\c@columnbadness=\count273
\c@finalcolumnbadness=\count274
\last@try=\dimen162
\multicolovershoot=\dimen163
\multicolundershoot=\dimen164
\mult@nat@firstbox=\box96
\colbreak@box=\box97
\mc@col@check@num=\count275
)
(C:\Program Files\MiKTeX\tex/latex/base\inputenc.sty
Package: inputenc 2020/08/01 v1.3d Input encoding file
\inpenc@prehook=\toks17
\inpenc@posthook=\toks18

(C:\Program Files\MiKTeX\tex/latex/ucs\utf8x.def
File: utf8x.def 2004/10/17 UCS: Input encoding UTF-8
))
(C:\Program Files\MiKTeX\tex/latex/ucs\ucs.sty
Package: ucs 2013/05/11 v2.2 UCS: Unicode input support

(C:\Program Files\MiKTeX\tex/latex/ucs\uni-global.def
File: uni-global.def 2013/05/13 UCS: Unicode global data
)
\uc@secondtry=\count276
\uc@combtoks=\toks19
\uc@combtoksb=\toks20
\uc@temptokena=\toks21
)
(C:\Program Files\MiKTeX\tex/generic/babel\babel.sty
Package: babel 2021/01/26 3.53 The Babel package

(C:\Program Files\MiKTeX\tex/generic/babel\babel.def
File: babel.def 2021/01/26 3.53 Babel common definitions
\babel@savecnt=\count277
\U@D=\dimen165
\l@babelnohyphens=\language79

(C:\Program Files\MiKTeX\tex/generic/babel\txtbabel.def)
\bbl@readstream=\read2
)
\bbl@dirlevel=\count278

*************************************
* Local config file bblopts.cfg used
*
(C:\Program Files\MiKTeX\tex/latex/arabi\bblopts.cfg
File: bblopts.cfg 2005/09/08 v0.1 add Arabic and Farsi to "declared" options of
 babel
)
(C:\Program Files\MiKTeX\tex/latex/babel-russian\russianb.ldf
File: russianb.ldf 2021/01/10 1.3m Russian support for the Babel system
Language: russian 2020/09/09 1.3k Russian support for the Babel system


Package babel Warning: No Cyrillic font encoding has been loaded so far.
(babel)                A font encoding should be declared before babel.
(babel)                Default `T2A' encoding will be loaded  on input line 78.


(C:\Program Files\MiKTeX\tex/latex/cyrillic\t2aenc.def
File: t2aenc.def 2005/09/27 v1.0i Cyrillic encoding definition file
)
Package babel Info: Making " an active character on input line 124.
Package babel Info: Default for \cyrdash is provided on input line 163.
))
(C:\Program Files\MiKTeX\tex/latex/fancyhdr\fancyhdr.sty
Package: fancyhdr 2021/01/28 v4.0.1 Extensive control of page headers and foote
rs
\f@nch@headwidth=\skip53
\f@nch@O@elh=\skip54
\f@nch@O@erh=\skip55
\f@nch@O@olh=\skip56
\f@nch@O@orh=\skip57
\f@nch@O@elf=\skip58
\f@nch@O@erf=\skip59
\f@nch@O@olf=\skip60
\f@nch@O@orf=\skip61
)
(C:\Program Files\MiKTeX\tex/latex/tocloft\tocloft.sty
Package: tocloft 2017/08/31 v2.3i parameterised ToC, etc., typesetting
Package tocloft Info: The document has section divisions on input line 51.
\cftparskip=\skip62
\cftbeforetoctitleskip=\skip63
\cftaftertoctitleskip=\skip64
\cftbeforepartskip=\skip65
\cftpartnumwidth=\skip66
\cftpartindent=\skip67
\cftbeforesecskip=\skip68
\cftsecindent=\skip69
\cftsecnumwidth=\skip70
\cftbeforesubsecskip=\skip71
\cftsubsecindent=\skip72
\cftsubsecnumwidth=\skip73
\cftbeforesubsubsecskip=\skip74
\cftsubsubsecindent=\skip75
\cftsubsubsecnumwidth=\skip76
\cftbeforeparaskip=\skip77
\cftparaindent=\skip78
\cftparanumwidth=\skip79
\cftbeforesubparaskip=\skip80
\cftsubparaindent=\skip81
\cftsubparanumwidth=\skip82
\cftbeforeloftitleskip=\skip83
\cftafterloftitleskip=\skip84
\cftbeforefigskip=\skip85
\cftfigindent=\skip86
\cftfignumwidth=\skip87
\c@lofdepth=\count279
\c@lotdepth=\count280
\cftbeforelottitleskip=\skip88
\cftafterlottitleskip=\skip89
\cftbeforetabskip=\skip90
\cfttabindent=\skip91
\cfttabnumwidth=\skip92
)
(C:\Program Files\MiKTeX\tex/latex/wrapfig\wrapfig.sty
\wrapoverhang=\dimen166
\WF@size=\dimen167
\c@WF@wrappedlines=\count281
\WF@box=\box98
\WF@everypar=\toks22
Package: wrapfig 2003/01/31  v 3.6
)
(C:\Program Files\MiKTeX\tex/latex/pgf/frontendlayer\tikz.sty
(C:\Program Files\MiKTeX\tex/latex/pgf/basiclayer\pgf.sty
(C:\Program Files\MiKTeX\tex/latex/pgf/utilities\pgfrcs.sty
(C:\Program Files\MiKTeX\tex/generic/pgf/utilities\pgfutil-common.tex
\pgfutil@everybye=\toks23
\pgfutil@tempdima=\dimen168
\pgfutil@tempdimb=\dimen169

(C:\Program Files\MiKTeX\tex/generic/pgf/utilities\pgfutil-common-lists.tex))
(C:\Program Files\MiKTeX\tex/generic/pgf/utilities\pgfutil-latex.def
\pgfutil@abb=\box99
)
(C:\Program Files\MiKTeX\tex/generic/pgf/utilities\pgfrcs.code.tex
(C:\Program Files\MiKTeX\tex/generic/pgf\pgf.revision.tex)
Package: pgfrcs 2020/12/27 v3.1.8b (3.1.8b)
))
Package: pgf 2020/12/27 v3.1.8b (3.1.8b)

(C:\Program Files\MiKTeX\tex/latex/pgf/basiclayer\pgfcore.sty
(C:\Program Files\MiKTeX\tex/latex/pgf/systemlayer\pgfsys.sty
(C:\Program Files\MiKTeX\tex/generic/pgf/systemlayer\pgfsys.code.tex
Package: pgfsys 2020/12/27 v3.1.8b (3.1.8b)

(C:\Program Files\MiKTeX\tex/generic/pgf/utilities\pgfkeys.code.tex
\pgfkeys@pathtoks=\toks24
\pgfkeys@temptoks=\toks25

(C:\Program Files\MiKTeX\tex/generic/pgf/utilities\pgfkeysfiltered.code.tex
\pgfkeys@tmptoks=\toks26
))
\pgf@x=\dimen170
\pgf@y=\dimen171
\pgf@xa=\dimen172
\pgf@ya=\dimen173
\pgf@xb=\dimen174
\pgf@yb=\dimen175
\pgf@xc=\dimen176
\pgf@yc=\dimen177
\pgf@xd=\dimen178
\pgf@yd=\dimen179
\w@pgf@writea=\write3
\r@pgf@reada=\read3
\c@pgf@counta=\count282
\c@pgf@countb=\count283
\c@pgf@countc=\count284
\c@pgf@countd=\count285
\t@pgf@toka=\toks27
\t@pgf@tokb=\toks28
\t@pgf@tokc=\toks29
\pgf@sys@id@count=\count286

(C:\Program Files\MiKTeX\tex/generic/pgf/systemlayer\pgf.cfg
File: pgf.cfg 2020/12/27 v3.1.8b (3.1.8b)
)
Driver file for pgf: pgfsys-pdftex.def

(C:\Program Files\MiKTeX\tex/generic/pgf/systemlayer\pgfsys-pdftex.def
File: pgfsys-pdftex.def 2020/12/27 v3.1.8b (3.1.8b)

(C:\Program Files\MiKTeX\tex/generic/pgf/systemlayer\pgfsys-common-pdf.def
File: pgfsys-common-pdf.def 2020/12/27 v3.1.8b (3.1.8b)
)))
(C:\Program Files\MiKTeX\tex/generic/pgf/systemlayer\pgfsyssoftpath.code.tex
File: pgfsyssoftpath.code.tex 2020/12/27 v3.1.8b (3.1.8b)
\pgfsyssoftpath@smallbuffer@items=\count287
\pgfsyssoftpath@bigbuffer@items=\count288
)
(C:\Program Files\MiKTeX\tex/generic/pgf/systemlayer\pgfsysprotocol.code.tex
File: pgfsysprotocol.code.tex 2020/12/27 v3.1.8b (3.1.8b)
))
(C:\Program Files\MiKTeX\tex/latex/xcolor\xcolor.sty
Package: xcolor 2016/05/11 v2.12 LaTeX color extensions (UK)

(C:\Program Files\MiKTeX\tex/latex/graphics-cfg\color.cfg
File: color.cfg 2016/01/02 v1.6 sample color configuration
)
Package xcolor Info: Driver file: pdftex.def on input line 225.
Package xcolor Info: Model `cmy' substituted by `cmy0' on input line 1348.
Package xcolor Info: Model `hsb' substituted by `rgb' on input line 1352.
Package xcolor Info: Model `RGB' extended on input line 1364.
Package xcolor Info: Model `HTML' substituted by `rgb' on input line 1366.
Package xcolor Info: Model `Hsb' substituted by `hsb' on input line 1367.
Package xcolor Info: Model `tHsb' substituted by `hsb' on input line 1368.
Package xcolor Info: Model `HSB' substituted by `hsb' on input line 1369.
Package xcolor Info: Model `Gray' substituted by `gray' on input line 1370.
Package xcolor Info: Model `wave' substituted by `hsb' on input line 1371.
)
(C:\Program Files\MiKTeX\tex/generic/pgf/basiclayer\pgfcore.code.tex
Package: pgfcore 2020/12/27 v3.1.8b (3.1.8b)

(C:\Program Files\MiKTeX\tex/generic/pgf/math\pgfmath.code.tex
(C:\Program Files\MiKTeX\tex/generic/pgf/math\pgfmathcalc.code.tex
(C:\Program Files\MiKTeX\tex/generic/pgf/math\pgfmathutil.code.tex)
(C:\Program Files\MiKTeX\tex/generic/pgf/math\pgfmathparser.code.tex
\pgfmath@dimen=\dimen180
\pgfmath@count=\count289
\pgfmath@box=\box100
\pgfmath@toks=\toks30
\pgfmath@stack@operand=\toks31
\pgfmath@stack@operation=\toks32
)
(C:\Program Files\MiKTeX\tex/generic/pgf/math\pgfmathfunctions.code.tex
(C:\Program Files\MiKTeX\tex/generic/pgf/math\pgfmathfunctions.basic.code.tex)
(C:\Program Files\MiKTeX\tex/generic/pgf/math\pgfmathfunctions.trigonometric.co
de.tex)
(C:\Program Files\MiKTeX\tex/generic/pgf/math\pgfmathfunctions.random.code.tex)

(C:\Program Files\MiKTeX\tex/generic/pgf/math\pgfmathfunctions.comparison.code.
tex)
(C:\Program Files\MiKTeX\tex/generic/pgf/math\pgfmathfunctions.base.code.tex)
(C:\Program Files\MiKTeX\tex/generic/pgf/math\pgfmathfunctions.round.code.tex)
(C:\Program Files\MiKTeX\tex/generic/pgf/math\pgfmathfunctions.misc.code.tex)
(C:\Program Files\MiKTeX\tex/generic/pgf/math\pgfmathfunctions.integerarithmeti
cs.code.tex)))
(C:\Program Files\MiKTeX\tex/generic/pgf/math\pgfmathfloat.code.tex
\c@pgfmathroundto@lastzeros=\count290
))
(C:\Program Files\MiKTeX\tex/generic/pgf/math\pgfint.code.tex)
(C:\Program Files\MiKTeX\tex/generic/pgf/basiclayer\pgfcorepoints.code.tex
File: pgfcorepoints.code.tex 2020/12/27 v3.1.8b (3.1.8b)
\pgf@picminx=\dimen181
\pgf@picmaxx=\dimen182
\pgf@picminy=\dimen183
\pgf@picmaxy=\dimen184
\pgf@pathminx=\dimen185
\pgf@pathmaxx=\dimen186
\pgf@pathminy=\dimen187
\pgf@pathmaxy=\dimen188
\pgf@xx=\dimen189
\pgf@xy=\dimen190
\pgf@yx=\dimen191
\pgf@yy=\dimen192
\pgf@zx=\dimen193
\pgf@zy=\dimen194
)
(C:\Program Files\MiKTeX\tex/generic/pgf/basiclayer\pgfcorepathconstruct.code.t
ex
File: pgfcorepathconstruct.code.tex 2020/12/27 v3.1.8b (3.1.8b)
\pgf@path@lastx=\dimen195
\pgf@path@lasty=\dimen196
)
(C:\Program Files\MiKTeX\tex/generic/pgf/basiclayer\pgfcorepathusage.code.tex
File: pgfcorepathusage.code.tex 2020/12/27 v3.1.8b (3.1.8b)
\pgf@shorten@end@additional=\dimen197
\pgf@shorten@start@additional=\dimen198
)
(C:\Program Files\MiKTeX\tex/generic/pgf/basiclayer\pgfcorescopes.code.tex
File: pgfcorescopes.code.tex 2020/12/27 v3.1.8b (3.1.8b)
\pgfpic=\box101
\pgf@hbox=\box102
\pgf@layerbox@main=\box103
\pgf@picture@serial@count=\count291
)
(C:\Program Files\MiKTeX\tex/generic/pgf/basiclayer\pgfcoregraphicstate.code.te
x
File: pgfcoregraphicstate.code.tex 2020/12/27 v3.1.8b (3.1.8b)
\pgflinewidth=\dimen199
)
(C:\Program Files\MiKTeX\tex/generic/pgf/basiclayer\pgfcoretransformations.code
.tex
File: pgfcoretransformations.code.tex 2020/12/27 v3.1.8b (3.1.8b)
\pgf@pt@x=\dimen256
\pgf@pt@y=\dimen257
\pgf@pt@temp=\dimen258
) (C:\Program Files\MiKTeX\tex/generic/pgf/basiclayer\pgfcorequick.code.tex
File: pgfcorequick.code.tex 2020/12/27 v3.1.8b (3.1.8b)
) (C:\Program Files\MiKTeX\tex/generic/pgf/basiclayer\pgfcoreobjects.code.tex
File: pgfcoreobjects.code.tex 2020/12/27 v3.1.8b (3.1.8b)
)
(C:\Program Files\MiKTeX\tex/generic/pgf/basiclayer\pgfcorepathprocessing.code.
tex
File: pgfcorepathprocessing.code.tex 2020/12/27 v3.1.8b (3.1.8b)
) (C:\Program Files\MiKTeX\tex/generic/pgf/basiclayer\pgfcorearrows.code.tex
File: pgfcorearrows.code.tex 2020/12/27 v3.1.8b (3.1.8b)
\pgfarrowsep=\dimen259
) (C:\Program Files\MiKTeX\tex/generic/pgf/basiclayer\pgfcoreshade.code.tex
File: pgfcoreshade.code.tex 2020/12/27 v3.1.8b (3.1.8b)
\pgf@max=\dimen260
\pgf@sys@shading@range@num=\count292
\pgf@shadingcount=\count293
)
(C:\Program Files\MiKTeX\tex/generic/pgf/basiclayer\pgfcoreimage.code.tex
File: pgfcoreimage.code.tex 2020/12/27 v3.1.8b (3.1.8b)

(C:\Program Files\MiKTeX\tex/generic/pgf/basiclayer\pgfcoreexternal.code.tex
File: pgfcoreexternal.code.tex 2020/12/27 v3.1.8b (3.1.8b)
\pgfexternal@startupbox=\box104
))
(C:\Program Files\MiKTeX\tex/generic/pgf/basiclayer\pgfcorelayers.code.tex
File: pgfcorelayers.code.tex 2020/12/27 v3.1.8b (3.1.8b)
)
(C:\Program Files\MiKTeX\tex/generic/pgf/basiclayer\pgfcoretransparency.code.te
x
File: pgfcoretransparency.code.tex 2020/12/27 v3.1.8b (3.1.8b)
) (C:\Program Files\MiKTeX\tex/generic/pgf/basiclayer\pgfcorepatterns.code.tex
File: pgfcorepatterns.code.tex 2020/12/27 v3.1.8b (3.1.8b)
) (C:\Program Files\MiKTeX\tex/generic/pgf/basiclayer\pgfcorerdf.code.tex
File: pgfcorerdf.code.tex 2020/12/27 v3.1.8b (3.1.8b)
)))
(C:\Program Files\MiKTeX\tex/generic/pgf/modules\pgfmoduleshapes.code.tex
File: pgfmoduleshapes.code.tex 2020/12/27 v3.1.8b (3.1.8b)
\pgfnodeparttextbox=\box105
)
(C:\Program Files\MiKTeX\tex/generic/pgf/modules\pgfmoduleplot.code.tex
File: pgfmoduleplot.code.tex 2020/12/27 v3.1.8b (3.1.8b)
)
(C:\Program Files\MiKTeX\tex/latex/pgf/compatibility\pgfcomp-version-0-65.sty
Package: pgfcomp-version-0-65 2020/12/27 v3.1.8b (3.1.8b)
\pgf@nodesepstart=\dimen261
\pgf@nodesepend=\dimen262
)
(C:\Program Files\MiKTeX\tex/latex/pgf/compatibility\pgfcomp-version-1-18.sty
Package: pgfcomp-version-1-18 2020/12/27 v3.1.8b (3.1.8b)
)) (C:\Program Files\MiKTeX\tex/latex/pgf/utilities\pgffor.sty
(C:\Program Files\MiKTeX\tex/latex/pgf/utilities\pgfkeys.sty
(C:\Program Files\MiKTeX\tex/generic/pgf/utilities\pgfkeys.code.tex))
(C:\Program Files\MiKTeX\tex/latex/pgf/math\pgfmath.sty
(C:\Program Files\MiKTeX\tex/generic/pgf/math\pgfmath.code.tex))
(C:\Program Files\MiKTeX\tex/generic/pgf/utilities\pgffor.code.tex
Package: pgffor 2020/12/27 v3.1.8b (3.1.8b)

(C:\Program Files\MiKTeX\tex/generic/pgf/math\pgfmath.code.tex)
\pgffor@iter=\dimen263
\pgffor@skip=\dimen264
\pgffor@stack=\toks33
\pgffor@toks=\toks34
))
(C:\Program Files\MiKTeX\tex/generic/pgf/frontendlayer/tikz\tikz.code.tex
Package: tikz 2020/12/27 v3.1.8b (3.1.8b)

(C:\Program Files\MiKTeX\tex/generic/pgf/libraries\pgflibraryplothandlers.code.
tex
File: pgflibraryplothandlers.code.tex 2020/12/27 v3.1.8b (3.1.8b)
\pgf@plot@mark@count=\count294
\pgfplotmarksize=\dimen265
)
\tikz@lastx=\dimen266
\tikz@lasty=\dimen267
\tikz@lastxsaved=\dimen268
\tikz@lastysaved=\dimen269
\tikz@lastmovetox=\dimen270
\tikz@lastmovetoy=\dimen271
\tikzleveldistance=\dimen272
\tikzsiblingdistance=\dimen273
\tikz@figbox=\box106
\tikz@figbox@bg=\box107
\tikz@tempbox=\box108
\tikz@tempbox@bg=\box109
\tikztreelevel=\count295
\tikznumberofchildren=\count296
\tikznumberofcurrentchild=\count297
\tikz@fig@count=\count298
 (C:\Program Files\MiKTeX\tex/generic/pgf/modules\pgfmodulematrix.code.tex
File: pgfmodulematrix.code.tex 2020/12/27 v3.1.8b (3.1.8b)
\pgfmatrixcurrentrow=\count299
\pgfmatrixcurrentcolumn=\count300
\pgf@matrix@numberofcolumns=\count301
)
\tikz@expandcount=\count302

(C:\Program Files\MiKTeX\tex/generic/pgf/frontendlayer/tikz/libraries\tikzlibra
rytopaths.code.tex
File: tikzlibrarytopaths.code.tex 2020/12/27 v3.1.8b (3.1.8b)
))) (C:\Program Files\MiKTeX\tex/latex/enumitem\enumitem.sty
Package: enumitem 2019/06/20 v3.9 Customized lists
\labelindent=\skip93
\enit@outerparindent=\dimen274
\enit@toks=\toks35
\enit@inbox=\box110
\enit@count@id=\count303
\enitdp@description=\count304
) (C:\Program Files\MiKTeX\tex/latex/l3backend\l3backend-pdftex.def
File: l3backend-pdftex.def 2021-02-18 L3 backend support: PDF output (pdfTeX)
\l__color_backend_stack_int=\count305
\l__pdf_internal_box=\box111
)
(лаба 4.3.2.aux
LaTeX Font Info:    Trying to load font information for T2A+cmr on input line 5
.
 (C:\Program Files\MiKTeX\tex/latex/cyrillic\t2acmr.fd
File: t2acmr.fd 2001/08/11 v1.0a Computer Modern Cyrillic font definitions
)

LaTeX Warning: Label `' multiply defined.


LaTeX Warning: Label `' multiply defined.


LaTeX Warning: Label `' multiply defined.


LaTeX Warning: Label `trivial' multiply defined.


LaTeX Warning: Label `trivial' multiply defined.

)
\openout1 = `"лаба 4.3.2.aux"'.

LaTeX Font Info:    Checking defaults for OML/cmm/m/it on input line 22.
LaTeX Font Info:    ... okay on input line 22.
LaTeX Font Info:    Checking defaults for OMS/cmsy/m/n on input line 22.
LaTeX Font Info:    ... okay on input line 22.
LaTeX Font Info:    Checking defaults for OT1/cmr/m/n on input line 22.
LaTeX Font Info:    ... okay on input line 22.
LaTeX Font Info:    Checking defaults for T1/cmr/m/n on input line 22.
LaTeX Font Info:    ... okay on input line 22.
LaTeX Font Info:    Checking defaults for TS1/cmr/m/n on input line 22.
LaTeX Font Info:    ... okay on input line 22.
LaTeX Font Info:    Checking defaults for OMX/cmex/m/n on input line 22.
LaTeX Font Info:    ... okay on input line 22.
LaTeX Font Info:    Checking defaults for U/cmr/m/n on input line 22.
LaTeX Font Info:    ... okay on input line 22.
LaTeX Font Info:    Checking defaults for T2A/cmr/m/n on input line 22.
LaTeX Font Info:    ... okay on input line 22.

*geometry* driver: auto-detecting
*geometry* detected driver: pdftex
*geometry* verbose mode - [ preamble ] result:
* driver: pdftex
* paper: a4paper
* layout: <same size as paper>
* layoutoffset:(h,v)=(0.0pt,0.0pt)
* modes: 
* h-part:(L,W,R)=(42.67912pt, 512.14963pt, 42.67912pt)
* v-part:(T,H,B)=(56.9055pt, 731.23584pt, 56.9055pt)
* \paperwidth=597.50787pt
* \paperheight=845.04684pt
* \textwidth=512.14963pt
* \textheight=731.23584pt
* \oddsidemargin=-29.59087pt
* \evensidemargin=-29.59087pt
* \topmargin=-54.36449pt
* \headheight=14.0pt
* \headsep=25.0pt
* \topskip=14.0pt
* \footskip=30.0pt
* \marginparwidth=15.0pt
* \marginparsep=10.0pt
* \columnsep=10.0pt
* \skip\footins=12.0pt plus 4.0pt minus 2.0pt
* \hoffset=0.0pt
* \voffset=0.0pt
* \mag=1000
* \@twocolumnfalse
* \@twosidefalse
* \@mparswitchfalse
* \@reversemarginfalse
* (1in=72.27pt=25.4mm, 1cm=28.453pt)

(C:\Program Files\MiKTeX\tex/context/base/mkii\supp-pdf.mkii
[Loading MPS to PDF converter (version 2006.09.02).]
\scratchcounter=\count306
\scratchdimen=\dimen275
\scratchbox=\box112
\nofMPsegments=\count307
\nofMParguments=\count308
\everyMPshowfont=\toks36
\MPscratchCnt=\count309
\MPscratchDim=\dimen276
\MPnumerator=\count310
\makeMPintoPDFobject=\count311
\everyMPtoPDFconversion=\toks37
) (C:\Program Files\MiKTeX\tex/latex/epstopdf-pkg\epstopdf-base.sty
Package: epstopdf-base 2020-01-24 v2.11 Base part for package epstopdf
Package epstopdf-base Info: Redefining graphics rule for `.eps' on input line 4
85.
)
(C:\Program Files\MiKTeX\tex/latex/ucs\ucsencs.def
File: ucsencs.def 2011/01/21 Fixes to fontencodings LGR, T3
)
LaTeX Info: Redefining \th on input line 22.

(C:\Program Files\MiKTeX\tex/latex/ucs\uni-4.def
File: uni-4.def 2013/05/13 UCS: Unicode data U+0400..U+04FF
)
Underfull \hbox (badness 10000) in paragraph at lines 24--35

 []


Underfull \hbox (badness 10000) in paragraph at lines 24--35

 []


Underfull \hbox (badness 10000) in paragraph at lines 24--35

 []


Underfull \hbox (badness 10000) in paragraph at lines 24--35

 []


Underfull \hbox (badness 10000) in paragraph at lines 40--42

 []

LaTeX Font Info:    External font `cmex10' loaded for size
(Font)              <12> on input line 44.
LaTeX Font Info:    External font `cmex10' loaded for size
(Font)              <8> on input line 44.
LaTeX Font Info:    External font `cmex10' loaded for size
(Font)              <6> on input line 44.

Underfull \hbox (badness 10000) in paragraph at lines 51--54

 []

<1.png, id=4, 158.5925pt x 133.49875pt>
File: 1.png Graphic file (type png)
<use 1.png>
Package pdftex.def Info: 1.png  used on input line 67.
(pdftex.def)             Requested size: 256.0748pt x 215.59656pt.

Overfull \hbox (4.99998pt too wide) in paragraph at lines 66--69
[]
 []


Underfull \hbox (badness 10000) in paragraph at lines 66--69

 []

<exp3.jpg, id=6, 1606.0pt x 1204.5pt>
File: exp3.jpg Graphic file (type jpg)
<use exp3.jpg>
Package pdftex.def Info: exp3.jpg  used on input line 72.
(pdftex.def)             Requested size: 241.84842pt x 181.38399pt.
<exp1.jpg, id=7, 1417.295pt x 605.26125pt>
File: exp1.jpg Graphic file (type jpg)
<use exp1.jpg>
Package pdftex.def Info: exp1.jpg  used on input line 74.
(pdftex.def)             Requested size: 256.0748pt x 109.35791pt.

Overfull \hbox (4.99998pt too wide) in paragraph at lines 71--76
[] 
 []


Underfull \hbox (badness 10000) in paragraph at lines 71--76

 []

[1{C:/Users/shlap/AppData/Local/MiKTeX/pdftex/config/pdftex.map}

 <./1.png>]
<exp2.jpg, id=26, 1552.80125pt x 560.0925pt>
File: exp2.jpg Graphic file (type jpg)
<use exp2.jpg>
Package pdftex.def Info: exp2.jpg  used on input line 77.
(pdftex.def)             Requested size: 256.0748pt x 92.35999pt.

Overfull \hbox (4.99998pt too wide) in paragraph at lines 76--81
[] 
 []


Underfull \hbox (badness 10000) in paragraph at lines 76--81

 []


Underfull \hbox (badness 10000) in paragraph at lines 76--81

 []

<exp4.jpg, id=27, 608.2725pt x 380.92313pt>
File: exp4.jpg Graphic file (type jpg)
<use exp4.jpg>
Package pdftex.def Info: exp4.jpg  used on input line 89.
(pdftex.def)             Requested size: 256.0748pt x 160.36441pt.
<exp5.jpg, id=28, 242.40562pt x 149.05687pt>
File: exp5.jpg Graphic file (type jpg)
<use exp5.jpg>
Package pdftex.def Info: exp5.jpg  used on input line 101.
(pdftex.def)             Requested size: 256.0748pt x 157.48096pt.
<exp6.jpg, id=29, 243.91125pt x 171.64125pt>
File: exp6.jpg Graphic file (type jpg)
<use exp6.jpg>
Package pdftex.def Info: exp6.jpg  used on input line 112.
(pdftex.def)             Requested size: 256.0748pt x 180.20241pt.
<exp7.jpg, id=30, 546.04pt x 380.42125pt>
File: exp7.jpg Graphic file (type jpg)
<use exp7.jpg>
Package pdftex.def Info: exp7.jpg  used on input line 123.
(pdftex.def)             Requested size: 256.0748pt x 178.40327pt.

Underfull \hbox (badness 10000) in paragraph at lines 86--126

 []


Overfull \hbox (4.99998pt too wide) in paragraph at lines 86--126
[] 
 []


Underfull \hbox (badness 10000) in paragraph at lines 86--126

 []


Overfull \hbox (4.64908pt too wide) in paragraph at lines 86--126
\T2A/cmr/m/n/12 2.1) [] 
 []


Underfull \hbox (badness 10000) in paragraph at lines 86--126

 []


Overfull \hbox (4.99998pt too wide) in paragraph at lines 86--126
[] 
 []


Underfull \hbox (badness 10000) in paragraph at lines 86--126

 []


Underfull \hbox (badness 10000) in paragraph at lines 86--126

 []


Overfull \hbox (4.99998pt too wide) in paragraph at lines 86--126
[] 
 []


Underfull \hbox (badness 10000) in paragraph at lines 86--126

 []


Underfull \hbox (badness 10000) in paragraph at lines 86--126

 []


Overfull \hbox (4.99998pt too wide) in paragraph at lines 86--126
[] 
 []


Underfull \hbox (badness 10000) in paragraph at lines 86--126

 []

[2 <./exp3.jpg> <./exp1.jpg> <./exp2.jpg> <./exp4.jpg> <./exp5.jpg> <./exp6.jpg
>]
Underfull \hbox (badness 10000) in paragraph at lines 126--129

 []

<g2.jpg, id=34, 742.775pt x 422.57875pt>
File: g2.jpg Graphic file (type jpg)
<use g2.jpg>
Package pdftex.def Info: g2.jpg  used on input line 150.
(pdftex.def)             Requested size: 256.0748pt x 145.68665pt.

Overfull \hbox (4.99998pt too wide) in paragraph at lines 149--152
[] 
 []


Underfull \hbox (badness 10000) in paragraph at lines 149--152

 []


Underfull \hbox (badness 10000) in paragraph at lines 161--162

 []

<g1.jpg, id=35, 899.36pt x 412.54124pt>
File: g1.jpg Graphic file (type jpg)
<use g1.jpg>
Package pdftex.def Info: g1.jpg  used on input line 166.
(pdftex.def)             Requested size: 398.33858pt x 182.72102pt.
[3 <./exp7.jpg> <./g2.jpg>]
LaTeX Font Info:    External font `cmex10' loaded for size
(Font)              <7> on input line 177.
LaTeX Font Info:    External font `cmex10' loaded for size
(Font)              <5> on input line 177.
<g3.jpg, id=40, 737.75626pt x 405.515pt>
File: g3.jpg Graphic file (type jpg)
<use g3.jpg>
Package pdftex.def Info: g3.jpg  used on input line 196.
(pdftex.def)             Requested size: 256.0748pt x 140.75052pt.
<g4.jpg, id=41, 1182.4175pt x 633.36626pt>
File: g4.jpg Graphic file (type jpg)
<use g4.jpg>
Package pdftex.def Info: g4.jpg  used on input line 200.
(pdftex.def)             Requested size: 256.0748pt x 137.16652pt.

Overfull \hbox (4.99998pt too wide) in paragraph at lines 195--205
[] 
 []


Overfull \hbox (4.99998pt too wide) in paragraph at lines 195--205
[] 
 []


Underfull \hbox (badness 10000) in paragraph at lines 195--205

 []


Underfull \hbox (badness 10000) in paragraph at lines 195--205

 []

[4 <./g1.jpg> <./g3.jpg> <./g4.jpg>] (лаба 4.3.2.aux)

LaTeX Warning: There were multiply-defined labels.

 ) 
Here is how much of TeX's memory you used:
 15493 strings out of 479334
 293125 string characters out of 2866960
 600936 words of memory out of 3000000
 32669 multiletter control sequences out of 15000+200000
 415620 words of font info for 48 fonts, out of 3000000 for 9000
 1141 hyphenation exceptions out of 8191
 87i,12n,89p,614b,635s stack positions out of 5000i,500n,10000p,200000b,50000s
 <C:\Users\shlap\AppData\Local\MiKTeX\fonts/pk/ljfour/lh/lh-t2a/dpi600\lati12
00.pk> <C:\Users\shlap\AppData\Local\MiKTeX\fonts/pk/ljfour/lh/lh-t2a/dpi600\la
bx1200.pk> <C:\Users\shlap\AppData\Local\MiKTeX\fonts/pk/ljfour/lh/lh-t2a/dpi60
0\larm1200.pk> <C:\Users\shlap\AppData\Local\MiKTeX\fonts/pk/ljfour/lh/lh-t2a/d
pi600\labi1000.pk> <C:\Users\shlap\AppData\Local\MiKTeX\fonts/pk/ljfour/lh/lh-t
2a/dpi600\lati1000.pk> <C:\Users\shlap\AppData\Local\MiKTeX\fonts/pk/ljfour/lh/
lh-t2a/dpi600\labx1440.pk> <C:\Users\shlap\AppData\Local\MiKTeX\fonts/pk/ljfour
/lh/lh-t2a/dpi600\labx1728.pk> <C:\Users\shlap\AppData\Local\MiKTeX\fonts/pk/lj
four/lh/lh-t2a/dpi600\larm1000.pk><C:/Program Files/MiKTeX/fonts/type1/public/a
msfonts/cm/cmmi10.pfb><C:/Program Files/MiKTeX/fonts/type1/public/amsfonts/cm/c
mmi12.pfb><C:/Program Files/MiKTeX/fonts/type1/public/amsfonts/cm/cmmi7.pfb><C:
/Program Files/MiKTeX/fonts/type1/public/amsfonts/cm/cmmi8.pfb><C:/Program File
s/MiKTeX/fonts/type1/public/amsfonts/cm/cmr12.pfb><C:/Program Files/MiKTeX/font
s/type1/public/amsfonts/cm/cmr5.pfb><C:/Program Files/MiKTeX/fonts/type1/public
/amsfonts/cm/cmr7.pfb><C:/Program Files/MiKTeX/fonts/type1/public/amsfonts/cm/c
mr8.pfb><C:/Program Files/MiKTeX/fonts/type1/public/amsfonts/cm/cmsy10.pfb><C:/
Program Files/MiKTeX/fonts/type1/public/amsfonts/cm/cmsy8.pfb>
Output written on "лаба 4.3.2.pdf" (4 pages, 1789336 bytes).
PDF statistics:
 392 PDF objects out of 1000 (max. 8388607)
 0 named destinations out of 1000 (max. 500000)
 73 words of extra memory for PDF output out of 10000 (max. 10000000)

